<?xml version="1.0" encoding="UTF-8"?>
<testsuite xmlns:xsi="http://www.w3.org/2001/XMLSchema-instance" xsi:noNamespaceSchemaLocation="https://maven.apache.org/surefire/maven-surefire-plugin/xsd/surefire-test-report.xsd" name="com.nirmata.workflow.WorkflowAppTest" time="4.845" tests="2" errors="2" skipped="0" failures="0">
  <properties>
    <property name="java.specification.version" value="14"/>
    <property name="sun.cpu.isalist" value="amd64"/>
    <property name="sun.jnu.encoding" value="Cp1252"/>
    <property name="java.class.path" value="E:\users\jayim\nirmata\workflow-prototype-java\target\test-classes;E:\users\jayim\nirmata\workflow-prototype-java\target\classes;C:\Users\jayim\.m2\repository\ch\qos\logback\logback-classic\1.2.3\logback-classic-1.2.3.jar;C:\Users\jayim\.m2\repository\ch\qos\logback\logback-core\1.2.3\logback-core-1.2.3.jar;C:\Users\jayim\.m2\repository\org\slf4j\slf4j-api\1.7.25\slf4j-api-1.7.25.jar;C:\Users\jayim\.m2\repository\com\google\guava\guava\30.1.1-jre\guava-30.1.1-jre.jar;C:\Users\jayim\.m2\repository\com\google\guava\failureaccess\1.0.1\failureaccess-1.0.1.jar;C:\Users\jayim\.m2\repository\com\google\guava\listenablefuture\9999.0-empty-to-avoid-conflict-with-guava\listenablefuture-9999.0-empty-to-avoid-conflict-with-guava.jar;C:\Users\jayim\.m2\repository\com\google\code\findbugs\jsr305\3.0.2\jsr305-3.0.2.jar;C:\Users\jayim\.m2\repository\org\checkerframework\checker-qual\3.8.0\checker-qual-3.8.0.jar;C:\Users\jayim\.m2\repository\com\google\errorprone\error_prone_annotations\2.5.1\error_prone_annotations-2.5.1.jar;C:\Users\jayim\.m2\repository\com\google\j2objc\j2objc-annotations\1.3\j2objc-annotations-1.3.jar;C:\Users\jayim\.m2\repository\io\fabric8\kubernetes-client\5.5.0\kubernetes-client-5.5.0.jar;C:\Users\jayim\.m2\repository\io\fabric8\kubernetes-model-core\5.5.0\kubernetes-model-core-5.5.0.jar;C:\Users\jayim\.m2\repository\io\fabric8\kubernetes-model-common\5.5.0\kubernetes-model-common-5.5.0.jar;C:\Users\jayim\.m2\repository\com\fasterxml\jackson\core\jackson-annotations\2.11.2\jackson-annotations-2.11.2.jar;C:\Users\jayim\.m2\repository\io\fabric8\kubernetes-model-rbac\5.5.0\kubernetes-model-rbac-5.5.0.jar;C:\Users\jayim\.m2\repository\io\fabric8\kubernetes-model-admissionregistration\5.5.0\kubernetes-model-admissionregistration-5.5.0.jar;C:\Users\jayim\.m2\repository\io\fabric8\kubernetes-model-apps\5.5.0\kubernetes-model-apps-5.5.0.jar;C:\Users\jayim\.m2\repository\io\fabric8\kubernetes-model-autoscaling\5.5.0\kubernetes-model-autoscaling-5.5.0.jar;C:\Users\jayim\.m2\repository\io\fabric8\kubernetes-model-apiextensions\5.5.0\kubernetes-model-apiextensions-5.5.0.jar;C:\Users\jayim\.m2\repository\io\fabric8\kubernetes-model-batch\5.5.0\kubernetes-model-batch-5.5.0.jar;C:\Users\jayim\.m2\repository\io\fabric8\kubernetes-model-certificates\5.5.0\kubernetes-model-certificates-5.5.0.jar;C:\Users\jayim\.m2\repository\io\fabric8\kubernetes-model-coordination\5.5.0\kubernetes-model-coordination-5.5.0.jar;C:\Users\jayim\.m2\repository\io\fabric8\kubernetes-model-discovery\5.5.0\kubernetes-model-discovery-5.5.0.jar;C:\Users\jayim\.m2\repository\io\fabric8\kubernetes-model-events\5.5.0\kubernetes-model-events-5.5.0.jar;C:\Users\jayim\.m2\repository\io\fabric8\kubernetes-model-extensions\5.5.0\kubernetes-model-extensions-5.5.0.jar;C:\Users\jayim\.m2\repository\io\fabric8\kubernetes-model-flowcontrol\5.5.0\kubernetes-model-flowcontrol-5.5.0.jar;C:\Users\jayim\.m2\repository\io\fabric8\kubernetes-model-networking\5.5.0\kubernetes-model-networking-5.5.0.jar;C:\Users\jayim\.m2\repository\io\fabric8\kubernetes-model-metrics\5.5.0\kubernetes-model-metrics-5.5.0.jar;C:\Users\jayim\.m2\repository\io\fabric8\kubernetes-model-policy\5.5.0\kubernetes-model-policy-5.5.0.jar;C:\Users\jayim\.m2\repository\io\fabric8\kubernetes-model-scheduling\5.5.0\kubernetes-model-scheduling-5.5.0.jar;C:\Users\jayim\.m2\repository\io\fabric8\kubernetes-model-storageclass\5.5.0\kubernetes-model-storageclass-5.5.0.jar;C:\Users\jayim\.m2\repository\io\fabric8\kubernetes-model-node\5.5.0\kubernetes-model-node-5.5.0.jar;C:\Users\jayim\.m2\repository\com\squareup\okhttp3\okhttp\3.12.12\okhttp-3.12.12.jar;C:\Users\jayim\.m2\repository\com\squareup\okio\okio\1.15.0\okio-1.15.0.jar;C:\Users\jayim\.m2\repository\com\squareup\okhttp3\logging-interceptor\3.12.12\logging-interceptor-3.12.12.jar;C:\Users\jayim\.m2\repository\com\fasterxml\jackson\dataformat\jackson-dataformat-yaml\2.11.2\jackson-dataformat-yaml-2.11.2.jar;C:\Users\jayim\.m2\repository\org\yaml\snakeyaml\1.26\snakeyaml-1.26.jar;C:\Users\jayim\.m2\repository\com\fasterxml\jackson\datatype\jackson-datatype-jsr310\2.11.2\jackson-datatype-jsr310-2.11.2.jar;C:\Users\jayim\.m2\repository\com\fasterxml\jackson\core\jackson-databind\2.11.2\jackson-databind-2.11.2.jar;C:\Users\jayim\.m2\repository\com\fasterxml\jackson\core\jackson-core\2.11.2\jackson-core-2.11.2.jar;C:\Users\jayim\.m2\repository\io\fabric8\zjsonpatch\0.3.0\zjsonpatch-0.3.0.jar;C:\Users\jayim\.m2\repository\com\github\mifmif\generex\1.0.2\generex-1.0.2.jar;C:\Users\jayim\.m2\repository\dk\brics\automaton\automaton\1.11-8\automaton-1.11-8.jar;C:\Users\jayim\.m2\repository\org\json\json\20190722\json-20190722.jar;C:\Users\jayim\.m2\repository\junit\junit\4.12\junit-4.12.jar;C:\Users\jayim\.m2\repository\org\hamcrest\hamcrest-core\1.3\hamcrest-core-1.3.jar;"/>
    <property name="java.vm.vendor" value="AdoptOpenJDK"/>
    <property name="sun.arch.data.model" value="64"/>
    <property name="user.variant" value=""/>
    <property name="java.vendor.url" value="https://adoptopenjdk.net/"/>
    <property name="user.timezone" value="America/Los_Angeles"/>
    <property name="os.name" value="Windows 10"/>
    <property name="java.vm.specification.version" value="14"/>
    <property name="sun.java.launcher" value="SUN_STANDARD"/>
    <property name="user.country" value="US"/>
    <property name="sun.boot.library.path" value="C:\Program Files\AdoptOpenJDK\jdk-14.0.2.12-hotspot\bin"/>
    <property name="sun.java.command" value="C:\Users\jayim\AppData\Local\Temp\surefire17247055124946212480\surefirebooter3575138275108505337.jar C:\Users\jayim\AppData\Local\Temp\surefire17247055124946212480 2021-08-10T13-19-10_457-jvmRun1 surefire13520729880242876183tmp surefire_0449156020066830547tmp"/>
    <property name="jdk.debug" value="release"/>
    <property name="surefire.test.class.path" value="E:\users\jayim\nirmata\workflow-prototype-java\target\test-classes;E:\users\jayim\nirmata\workflow-prototype-java\target\classes;C:\Users\jayim\.m2\repository\ch\qos\logback\logback-classic\1.2.3\logback-classic-1.2.3.jar;C:\Users\jayim\.m2\repository\ch\qos\logback\logback-core\1.2.3\logback-core-1.2.3.jar;C:\Users\jayim\.m2\repository\org\slf4j\slf4j-api\1.7.25\slf4j-api-1.7.25.jar;C:\Users\jayim\.m2\repository\com\google\guava\guava\30.1.1-jre\guava-30.1.1-jre.jar;C:\Users\jayim\.m2\repository\com\google\guava\failureaccess\1.0.1\failureaccess-1.0.1.jar;C:\Users\jayim\.m2\repository\com\google\guava\listenablefuture\9999.0-empty-to-avoid-conflict-with-guava\listenablefuture-9999.0-empty-to-avoid-conflict-with-guava.jar;C:\Users\jayim\.m2\repository\com\google\code\findbugs\jsr305\3.0.2\jsr305-3.0.2.jar;C:\Users\jayim\.m2\repository\org\checkerframework\checker-qual\3.8.0\checker-qual-3.8.0.jar;C:\Users\jayim\.m2\repository\com\google\errorprone\error_prone_annotations\2.5.1\error_prone_annotations-2.5.1.jar;C:\Users\jayim\.m2\repository\com\google\j2objc\j2objc-annotations\1.3\j2objc-annotations-1.3.jar;C:\Users\jayim\.m2\repository\io\fabric8\kubernetes-client\5.5.0\kubernetes-client-5.5.0.jar;C:\Users\jayim\.m2\repository\io\fabric8\kubernetes-model-core\5.5.0\kubernetes-model-core-5.5.0.jar;C:\Users\jayim\.m2\repository\io\fabric8\kubernetes-model-common\5.5.0\kubernetes-model-common-5.5.0.jar;C:\Users\jayim\.m2\repository\com\fasterxml\jackson\core\jackson-annotations\2.11.2\jackson-annotations-2.11.2.jar;C:\Users\jayim\.m2\repository\io\fabric8\kubernetes-model-rbac\5.5.0\kubernetes-model-rbac-5.5.0.jar;C:\Users\jayim\.m2\repository\io\fabric8\kubernetes-model-admissionregistration\5.5.0\kubernetes-model-admissionregistration-5.5.0.jar;C:\Users\jayim\.m2\repository\io\fabric8\kubernetes-model-apps\5.5.0\kubernetes-model-apps-5.5.0.jar;C:\Users\jayim\.m2\repository\io\fabric8\kubernetes-model-autoscaling\5.5.0\kubernetes-model-autoscaling-5.5.0.jar;C:\Users\jayim\.m2\repository\io\fabric8\kubernetes-model-apiextensions\5.5.0\kubernetes-model-apiextensions-5.5.0.jar;C:\Users\jayim\.m2\repository\io\fabric8\kubernetes-model-batch\5.5.0\kubernetes-model-batch-5.5.0.jar;C:\Users\jayim\.m2\repository\io\fabric8\kubernetes-model-certificates\5.5.0\kubernetes-model-certificates-5.5.0.jar;C:\Users\jayim\.m2\repository\io\fabric8\kubernetes-model-coordination\5.5.0\kubernetes-model-coordination-5.5.0.jar;C:\Users\jayim\.m2\repository\io\fabric8\kubernetes-model-discovery\5.5.0\kubernetes-model-discovery-5.5.0.jar;C:\Users\jayim\.m2\repository\io\fabric8\kubernetes-model-events\5.5.0\kubernetes-model-events-5.5.0.jar;C:\Users\jayim\.m2\repository\io\fabric8\kubernetes-model-extensions\5.5.0\kubernetes-model-extensions-5.5.0.jar;C:\Users\jayim\.m2\repository\io\fabric8\kubernetes-model-flowcontrol\5.5.0\kubernetes-model-flowcontrol-5.5.0.jar;C:\Users\jayim\.m2\repository\io\fabric8\kubernetes-model-networking\5.5.0\kubernetes-model-networking-5.5.0.jar;C:\Users\jayim\.m2\repository\io\fabric8\kubernetes-model-metrics\5.5.0\kubernetes-model-metrics-5.5.0.jar;C:\Users\jayim\.m2\repository\io\fabric8\kubernetes-model-policy\5.5.0\kubernetes-model-policy-5.5.0.jar;C:\Users\jayim\.m2\repository\io\fabric8\kubernetes-model-scheduling\5.5.0\kubernetes-model-scheduling-5.5.0.jar;C:\Users\jayim\.m2\repository\io\fabric8\kubernetes-model-storageclass\5.5.0\kubernetes-model-storageclass-5.5.0.jar;C:\Users\jayim\.m2\repository\io\fabric8\kubernetes-model-node\5.5.0\kubernetes-model-node-5.5.0.jar;C:\Users\jayim\.m2\repository\com\squareup\okhttp3\okhttp\3.12.12\okhttp-3.12.12.jar;C:\Users\jayim\.m2\repository\com\squareup\okio\okio\1.15.0\okio-1.15.0.jar;C:\Users\jayim\.m2\repository\com\squareup\okhttp3\logging-interceptor\3.12.12\logging-interceptor-3.12.12.jar;C:\Users\jayim\.m2\repository\com\fasterxml\jackson\dataformat\jackson-dataformat-yaml\2.11.2\jackson-dataformat-yaml-2.11.2.jar;C:\Users\jayim\.m2\repository\org\yaml\snakeyaml\1.26\snakeyaml-1.26.jar;C:\Users\jayim\.m2\repository\com\fasterxml\jackson\datatype\jackson-datatype-jsr310\2.11.2\jackson-datatype-jsr310-2.11.2.jar;C:\Users\jayim\.m2\repository\com\fasterxml\jackson\core\jackson-databind\2.11.2\jackson-databind-2.11.2.jar;C:\Users\jayim\.m2\repository\com\fasterxml\jackson\core\jackson-core\2.11.2\jackson-core-2.11.2.jar;C:\Users\jayim\.m2\repository\io\fabric8\zjsonpatch\0.3.0\zjsonpatch-0.3.0.jar;C:\Users\jayim\.m2\repository\com\github\mifmif\generex\1.0.2\generex-1.0.2.jar;C:\Users\jayim\.m2\repository\dk\brics\automaton\automaton\1.11-8\automaton-1.11-8.jar;C:\Users\jayim\.m2\repository\org\json\json\20190722\json-20190722.jar;C:\Users\jayim\.m2\repository\junit\junit\4.12\junit-4.12.jar;C:\Users\jayim\.m2\repository\org\hamcrest\hamcrest-core\1.3\hamcrest-core-1.3.jar;"/>
    <property name="sun.cpu.endian" value="little"/>
    <property name="user.home" value="C:\Users\jayim"/>
    <property name="user.language" value="en"/>
    <property name="java.specification.vendor" value="Oracle Corporation"/>
    <property name="java.version.date" value="2020-07-14"/>
    <property name="java.home" value="C:\Program Files\AdoptOpenJDK\jdk-14.0.2.12-hotspot"/>
    <property name="file.separator" value="\"/>
    <property name="basedir" value="E:\users\jayim\nirmata\workflow-prototype-java"/>
    <property name="java.vm.compressedOopsMode" value="32-bit"/>
    <property name="line.separator" value="&#10;"/>
    <property name="java.vm.specification.vendor" value="Oracle Corporation"/>
    <property name="java.specification.name" value="Java Platform API Specification"/>
    <property name="surefire.real.class.path" value="C:\Users\jayim\AppData\Local\Temp\surefire17247055124946212480\surefirebooter3575138275108505337.jar"/>
    <property name="user.script" value=""/>
    <property name="sun.management.compiler" value="HotSpot 64-Bit Tiered Compilers"/>
    <property name="java.runtime.version" value="14.0.2+12"/>
    <property name="user.name" value="jayim"/>
    <property name="path.separator" value=";"/>
    <property name="os.version" value="10.0"/>
    <property name="java.runtime.name" value="OpenJDK Runtime Environment"/>
    <property name="file.encoding" value="Cp1252"/>
    <property name="java.vm.name" value="OpenJDK 64-Bit Server VM"/>
    <property name="java.vendor.version" value="AdoptOpenJDK"/>
    <property name="localRepository" value="C:\Users\jayim\.m2\repository"/>
    <property name="java.vendor.url.bug" value="https://github.com/AdoptOpenJDK/openjdk-support/issues"/>
    <property name="java.io.tmpdir" value="C:\Users\jayim\AppData\Local\Temp\"/>
    <property name="java.version" value="14.0.2"/>
    <property name="user.dir" value="E:\users\jayim\nirmata\workflow-prototype-java"/>
    <property name="os.arch" value="amd64"/>
    <property name="java.vm.specification.name" value="Java Virtual Machine Specification"/>
    <property name="sun.os.patch.level" value=""/>
    <property name="java.library.path" value="C:\Program Files\AdoptOpenJDK\jdk-14.0.2.12-hotspot\bin;C:\WINDOWS\Sun\Java\bin;C:\WINDOWS\system32;C:\WINDOWS;C:\Users\jayim\bin;C:\Program Files\git\usr\local\bin;C:\Program Files\git\usr\bin;C:\Program Files\git\usr\bin;C:\Program Files\git\opt\bin;C:\Program Files\AdoptOpenJDK\jdk-8.0.292.10-hotspot\bin;C:\Python39\Scripts;C:\Python39;C:\Program Files\AdoptOpenJDK\jdk-14.0.2.12-hotspot\bin;C:\Program Files (x86)\Razer Chroma SDK\bin;C:\Program Files\Razer Chroma SDK\bin;C:\Windows\system32;C:\Windows;C:\Windows\System32\Wbem;C:\Windows\System32\WindowsPowerShell\v1.0;C:\Program Files (x86)\NVIDIA Corporation\PhysX\Common;C:\Users\jayim\AppData\Local\Microsoft\WindowsApps;C:\WINDOWS\system32;C:\WINDOWS;C:\WINDOWS\System32\Wbem;C:\WINDOWS\System32\WindowsPowerShell\v1.0;C:\WINDOWS\System32\OpenSSH;C:\Program Files\nodejs;C:\ProgramData\chocolatey\bin;C:\Program Files\Git\cmd;C:\Program Files\dotnet;C:\Program Files\Go\bin;C:\Program Files\argo-cli;C:\Gradle\gradle-6.8.1\bin;C:\Program Files\Docker\Docker\resources\bin;C:\ProgramData\DockerDesktop\version-bin;C:\Program Files\apache-maven-3.8.1\bin;C:\Users\jayim\AppData\Local\Programs\Microsoft VS Code\bin;C:\Users\jayim\AppData\Local\atom\bin;C:\Program Files\git\usr\bin\vendor_perl;C:\Program Files\git\usr\bin\core_perl;."/>
    <property name="java.vm.info" value="mixed mode, sharing"/>
    <property name="java.vendor" value="AdoptOpenJDK"/>
    <property name="java.vm.version" value="14.0.2+12"/>
    <property name="sun.io.unicode.encoding" value="UnicodeLittle"/>
    <property name="skiptests" value="true"/>
    <property name="java.class.version" value="58.0"/>
  </properties>
  <testcase name="com.nirmata.workflow.WorkflowAppTest" classname="com.nirmata.workflow.WorkflowAppTest" time="4.844">
    <error message="Operation: [create]  for kind: [CustomResourceDefinition]  with name: [workflowtasks.nirmata.com]  in namespace: [null]  failed." type="io.fabric8.kubernetes.client.KubernetesClientException">io.fabric8.kubernetes.client.KubernetesClientException: Operation: [create]  for kind: [CustomResourceDefinition]  with name: [workflowtasks.nirmata.com]  in namespace: [null]  failed.
	at com.nirmata.workflow.WorkflowAppTest.setup(WorkflowAppTest.java:41)
Caused by: java.net.ConnectException: Failed to connect to /127.0.0.1:60754
	at com.nirmata.workflow.WorkflowAppTest.setup(WorkflowAppTest.java:41)
Caused by: java.net.ConnectException: Connection refused: no further information
	at com.nirmata.workflow.WorkflowAppTest.setup(WorkflowAppTest.java:41)
</error>
    <system-out><![CDATA[13:19:11.015 [main] DEBUG io.fabric8.kubernetes.client.Config - Trying to configure client from Kubernetes config...
13:19:11.017 [main] DEBUG io.fabric8.kubernetes.client.Config - Found for Kubernetes config at: [C:\Users\jayim\.kube\config].
]]></system-out>
  </testcase>
  <testcase name="com.nirmata.workflow.WorkflowAppTest" classname="com.nirmata.workflow.WorkflowAppTest" time="4.845">
    <error message="Operation: [list]  for kind: [WorkflowTask]  with name: [null]  in namespace: [default]  failed." type="io.fabric8.kubernetes.client.KubernetesClientException">io.fabric8.kubernetes.client.KubernetesClientException: Operation: [list]  for kind: [WorkflowTask]  with name: [null]  in namespace: [default]  failed.
	at com.nirmata.workflow.WorkflowAppTest.teardown(WorkflowAppTest.java:46)
Caused by: java.net.ConnectException: Failed to connect to /127.0.0.1:60754
	at com.nirmata.workflow.WorkflowAppTest.teardown(WorkflowAppTest.java:46)
Caused by: java.net.ConnectException: Connection refused: no further information
	at com.nirmata.workflow.WorkflowAppTest.teardown(WorkflowAppTest.java:46)
</error>
  </testcase>
</testsuite>